2024-01-25 07:58:57| [36;20m[1mupdate_movies[0m[0m [32;20m    INFO[0m| updating movie database with genre='a'
2024-01-25 07:58:57| [36;20m[1mupdate_movies[0m[0m [32;20m    INFO[0m| updating movie database with genre='a'
2024-01-25 07:58:57| [36;20m[1mupdate_movies[0m[0m [32;20m    INFO[0m| updating movie database with genre='a'
2024-01-25 07:58:59| [36;20m[1mupdate_movies[0m[0m [32;20m    INFO[0m| updating movie database with genre='d'
2024-01-25 07:58:59| [36;20m[1mupdate_movies[0m[0m [32;20m    INFO[0m| updating movie database with genre='d'
2024-01-25 07:58:59| [36;20m[1mupdate_movies[0m[0m [32;20m    INFO[0m| updating movie database with genre='d'
2024-01-25 07:59:01| [36;20m[1mupdate_movies[0m[0m [32;20m    INFO[0m| updating movie database with genre='v'
2024-01-25 07:59:01| [36;20m[1mupdate_movies[0m[0m [32;20m    INFO[0m| updating movie database with genre='v'
2024-01-25 07:59:01| [36;20m[1mupdate_movies[0m[0m [32;20m    INFO[0m| updating movie database with genre='v'
2024-01-25 07:59:03| [36;20m[1mupdate_movies[0m[0m [32;20m    INFO[0m| updating movie database with genre='e'
2024-01-25 07:59:03| [36;20m[1mupdate_movies[0m[0m [32;20m    INFO[0m| updating movie database with genre='e'
2024-01-25 07:59:03| [36;20m[1mupdate_movies[0m[0m [32;20m    INFO[0m| updating movie database with genre='e'
2024-01-25 07:59:05| [36;20m[1mupdate_movies[0m[0m [32;20m    INFO[0m| updating movie database with genre='n'
2024-01-25 07:59:05| [36;20m[1mupdate_movies[0m[0m [32;20m    INFO[0m| updating movie database with genre='n'
2024-01-25 07:59:05| [36;20m[1mupdate_movies[0m[0m [32;20m    INFO[0m| updating movie database with genre='n'
2024-01-25 07:59:07| [36;20m[1mupdate_movies[0m[0m [32;20m    INFO[0m| updating movie database with genre='t'
2024-01-25 07:59:07| [36;20m[1mupdate_movies[0m[0m [32;20m    INFO[0m| updating movie database with genre='t'
2024-01-25 07:59:07| [36;20m[1mupdate_movies[0m[0m [32;20m    INFO[0m| updating movie database with genre='t'
2024-01-25 07:59:09| [36;20m[1mupdate_movies[0m[0m [32;20m    INFO[0m| updating movie database with genre='u'
2024-01-25 07:59:09| [36;20m[1mupdate_movies[0m[0m [32;20m    INFO[0m| updating movie database with genre='u'
2024-01-25 07:59:09| [36;20m[1mupdate_movies[0m[0m [32;20m    INFO[0m| updating movie database with genre='u'
2024-01-25 07:59:11| [36;20m[1mupdate_movies[0m[0m [32;20m    INFO[0m| updating movie database with genre='r'
2024-01-25 07:59:11| [36;20m[1mupdate_movies[0m[0m [32;20m    INFO[0m| updating movie database with genre='r'
2024-01-25 07:59:11| [36;20m[1mupdate_movies[0m[0m [32;20m    INFO[0m| updating movie database with genre='r'
2024-01-25 07:59:13| [36;20m[1mupdate_movies[0m[0m [32;20m    INFO[0m| updating movie database with genre='e'
2024-01-25 07:59:13| [36;20m[1mupdate_movies[0m[0m [32;20m    INFO[0m| updating movie database with genre='e'
2024-01-25 07:59:13| [36;20m[1mupdate_movies[0m[0m [32;20m    INFO[0m| updating movie database with genre='e'
2024-01-25 08:00:17| [36;20m[1mupdate_movies[0m[0m [32;20m    INFO[0m| updating movie database with genre='a'
2024-01-25 08:00:17| [36;20m[1mupdate_movies[0m[0m [32;20m    INFO[0m| updating movie database with genre='a'
2024-01-25 08:00:17| [36;20m[1mupdate_movies[0m[0m [32;20m    INFO[0m| updating movie database with genre='a'
2024-01-25 08:00:19| [36;20m[1mupdate_movies[0m[0m [32;20m    INFO[0m| updating movie database with genre='d'
2024-01-25 08:00:19| [36;20m[1mupdate_movies[0m[0m [32;20m    INFO[0m| updating movie database with genre='d'
2024-01-25 08:00:19| [36;20m[1mupdate_movies[0m[0m [32;20m    INFO[0m| updating movie database with genre='d'
2024-01-25 08:00:21| [36;20m[1mupdate_movies[0m[0m [32;20m    INFO[0m| updating movie database with genre='v'
2024-01-25 08:00:21| [36;20m[1mupdate_movies[0m[0m [32;20m    INFO[0m| updating movie database with genre='v'
2024-01-25 08:00:21| [36;20m[1mupdate_movies[0m[0m [32;20m    INFO[0m| updating movie database with genre='v'
2024-01-25 08:00:23| [36;20m[1mupdate_movies[0m[0m [32;20m    INFO[0m| updating movie database with genre='e'
2024-01-25 08:00:23| [36;20m[1mupdate_movies[0m[0m [32;20m    INFO[0m| updating movie database with genre='e'
2024-01-25 08:00:23| [36;20m[1mupdate_movies[0m[0m [32;20m    INFO[0m| updating movie database with genre='e'
2024-01-25 08:01:24| [36;20m[1mupdate_movies[0m[0m [32;20m    INFO[0m| genres='adventure'
2024-01-25 08:01:24| [36;20m[1mupdate_movies[0m[0m [32;20m    INFO[0m| updating movie database with genre='a'
2024-01-25 08:01:24| [36;20m[1mupdate_movies[0m[0m [32;20m    INFO[0m| updating movie database with genre='a'
2024-01-25 08:01:24| [36;20m[1mupdate_movies[0m[0m [32;20m    INFO[0m| updating movie database with genre='a'
2024-01-25 08:01:26| [36;20m[1mupdate_movies[0m[0m [32;20m    INFO[0m| updating movie database with genre='d'
2024-01-25 08:01:26| [36;20m[1mupdate_movies[0m[0m [32;20m    INFO[0m| updating movie database with genre='d'
2024-01-25 08:01:26| [36;20m[1mupdate_movies[0m[0m [32;20m    INFO[0m| updating movie database with genre='d'
2024-01-25 08:02:12| [36;20m[1mupdate_movies[0m[0m [32;20m    INFO[0m| genres='adventure'
2024-01-25 08:02:12| [36;20m[1mupdate_movies[0m[0m [32;20m    INFO[0m| updating movie database with genre='a'
2024-01-25 08:02:12| [36;20m[1mupdate_movies[0m[0m [32;20m    INFO[0m| updating movie database with genre='a'
2024-01-25 08:02:12| [36;20m[1mupdate_movies[0m[0m [32;20m    INFO[0m| updating movie database with genre='a'
2024-01-25 08:02:12| [36;20m[1mupdate_movies[0m[0m [32;20m    INFO[0m| updating movie database with genre='a'
2024-01-25 08:02:14| [36;20m[1mupdate_movies[0m[0m [32;20m    INFO[0m| updating movie database with genre='d'
2024-01-25 08:02:14| [36;20m[1mupdate_movies[0m[0m [32;20m    INFO[0m| updating movie database with genre='d'
2024-01-25 08:02:14| [36;20m[1mupdate_movies[0m[0m [32;20m    INFO[0m| updating movie database with genre='d'
2024-01-25 08:02:14| [36;20m[1mupdate_movies[0m[0m [32;20m    INFO[0m| updating movie database with genre='d'
2024-01-25 08:02:37| [36;20m[1mupdate_movies[0m[0m [32;20m    INFO[0m| genres='adventure'
2024-01-25 08:02:38| [36;20m[1mupdate_movies[0m[0m [32;20m    INFO[0m| genres=['a', 'd', 'v', 'e', 'n', 't', 'u', 'r', 'e']
2024-01-25 08:02:38| [36;20m[1mupdate_movies[0m[0m [32;20m    INFO[0m| genres=['a', 'd', 'v', 'e', 'n', 't', 'u', 'r', 'e']
2024-01-25 08:02:38| [36;20m[1mupdate_movies[0m[0m [32;20m    INFO[0m| genres=['a', 'd', 'v', 'e', 'n', 't', 'u', 'r', 'e']
2024-01-25 08:02:38| [36;20m[1mupdate_movies[0m[0m [32;20m    INFO[0m| updating movie database with genre='a'
2024-01-25 08:02:38| [36;20m[1mupdate_movies[0m[0m [32;20m    INFO[0m| updating movie database with genre='a'
2024-01-25 08:02:38| [36;20m[1mupdate_movies[0m[0m [32;20m    INFO[0m| updating movie database with genre='a'
2024-01-25 08:02:40| [36;20m[1mupdate_movies[0m[0m [32;20m    INFO[0m| updating movie database with genre='d'
2024-01-25 08:02:40| [36;20m[1mupdate_movies[0m[0m [32;20m    INFO[0m| updating movie database with genre='d'
2024-01-25 08:02:40| [36;20m[1mupdate_movies[0m[0m [32;20m    INFO[0m| updating movie database with genre='d'
2024-01-25 08:04:23| [36;20m[1mupdate_movies[0m[0m [32;20m    INFO[0m| genres='adventure'
2024-01-25 08:04:23| [36;20m[1mupdate_movies[0m[0m [32;20m    INFO[0m| type: True
2024-01-25 08:04:23| [36;20m[1mupdate_movies[0m[0m [32;20m    INFO[0m| type: True
2024-01-25 08:04:23| [36;20m[1mupdate_movies[0m[0m [32;20m    INFO[0m| type: True
2024-01-25 08:04:23| [36;20m[1mupdate_movies[0m[0m [32;20m    INFO[0m| genres=['a', 'd', 'v', 'e', 'n', 't', 'u', 'r', 'e']
2024-01-25 08:04:23| [36;20m[1mupdate_movies[0m[0m [32;20m    INFO[0m| genres=['a', 'd', 'v', 'e', 'n', 't', 'u', 'r', 'e']
2024-01-25 08:04:23| [36;20m[1mupdate_movies[0m[0m [32;20m    INFO[0m| genres=['a', 'd', 'v', 'e', 'n', 't', 'u', 'r', 'e']
2024-01-25 08:04:23| [36;20m[1mupdate_movies[0m[0m [32;20m    INFO[0m| updating movie database with genre='a'
2024-01-25 08:04:23| [36;20m[1mupdate_movies[0m[0m [32;20m    INFO[0m| updating movie database with genre='a'
2024-01-25 08:04:23| [36;20m[1mupdate_movies[0m[0m [32;20m    INFO[0m| updating movie database with genre='a'
2024-01-25 08:07:07| [36;20m[1mupdate_movies[0m[0m [32;20m    INFO[0m| type: True
2024-01-25 08:07:07| [36;20m[1mupdate_movies[0m[0m [32;20m    INFO[0m| updating movie database with genre='adventure'
2024-01-25 08:07:31| [36;20m[1m    red[0m[0m [33;20m WARNING[0m| error=KeyError('runtimes')
2024-01-25 08:07:31| [36;20m[1m    red[0m[0m [33;20m WARNING[0m| error=KeyError('runtimes')
2024-01-25 08:08:39| [36;20m[1mupdate_movies[0m[0m [32;20m    INFO[0m| type: False
2024-01-25 08:08:39| [36;20m[1mupdate_movies[0m[0m [32;20m    INFO[0m| updating movie database with genre='horror'
2024-01-25 08:08:57| [36;20m[1m    red[0m[0m [33;20m WARNING[0m| error=KeyError('runtimes')
2024-01-25 08:08:57| [36;20m[1m    red[0m[0m [33;20m WARNING[0m| error=KeyError('runtimes')
2024-01-25 08:08:57| [36;20m[1m    red[0m[0m [33;20m WARNING[0m| error=KeyError('videos')
2024-01-25 08:08:57| [36;20m[1m    red[0m[0m [33;20m WARNING[0m| error=KeyError('runtimes')
2024-01-25 08:08:57| [36;20m[1m    red[0m[0m [33;20m WARNING[0m| error=KeyError('videos')
2024-01-25 08:08:57| [36;20m[1m    red[0m[0m [33;20m WARNING[0m| error=KeyError('runtimes')
2024-01-25 08:08:57| [36;20m[1m    red[0m[0m [33;20m WARNING[0m| error=KeyError('full-size cover url')
2024-01-25 08:08:58| [36;20m[1mupdate_movies[0m[0m [32;20m    INFO[0m| updating movie database with genre='drama'
2024-01-25 08:09:17| [36;20m[1m    red[0m[0m [33;20m WARNING[0m| error=KeyError('runtimes')
2024-01-25 08:09:18| [36;20m[1mupdate_movies[0m[0m [32;20m    INFO[0m| updating movie database with genre='family'
2024-01-25 08:09:39| [36;20m[1m    red[0m[0m [33;20m WARNING[0m| error=KeyError('runtimes')
2024-01-25 08:09:39| [36;20m[1m    red[0m[0m [33;20m WARNING[0m| error=KeyError('videos')
2024-01-25 08:09:39| [36;20m[1m    red[0m[0m [33;20m WARNING[0m| error=KeyError('full-size cover url')
2024-01-25 08:09:39| [36;20m[1m    red[0m[0m [33;20m WARNING[0m| error=KeyError('runtimes')
2024-01-25 08:09:39| [36;20m[1m    red[0m[0m [33;20m WARNING[0m| error=KeyError('videos')
2024-01-25 08:09:39| [36;20m[1m    red[0m[0m [33;20m WARNING[0m| error=KeyError('runtimes')
2024-01-25 08:09:39| [36;20m[1m    red[0m[0m [33;20m WARNING[0m| error=KeyError('videos')
2024-01-25 08:09:40| [36;20m[1mupdate_movies[0m[0m [32;20m    INFO[0m| updating movie database with genre='thriller'
2024-01-25 08:10:00| [36;20m[1m    red[0m[0m [33;20m WARNING[0m| error=KeyError('runtimes')
2024-01-25 08:10:00| [36;20m[1m    red[0m[0m [33;20m WARNING[0m| error=KeyError('runtimes')
2024-01-25 08:10:50| [36;20m[1m   spin[0m[0m [32;20m    INFO[0m| type: False
2024-01-25 08:10:50| [36;20m[1m   spin[0m[0m [32;20m    INFO[0m| updating movie database with genre='horror'
2024-01-25 08:11:05| [36;20m[1m    red[0m[0m [33;20m WARNING[0m| error=KeyError('runtimes')
2024-01-25 08:11:05| [36;20m[1m    red[0m[0m [33;20m WARNING[0m| error=KeyError('runtimes')
2024-01-25 08:11:05| [36;20m[1m    red[0m[0m [33;20m WARNING[0m| error=KeyError('videos')
2024-01-25 08:11:05| [36;20m[1m    red[0m[0m [33;20m WARNING[0m| error=KeyError('runtimes')
2024-01-25 08:11:05| [36;20m[1m    red[0m[0m [33;20m WARNING[0m| error=KeyError('videos')
2024-01-25 08:11:05| [36;20m[1m    red[0m[0m [33;20m WARNING[0m| error=KeyError('runtimes')
2024-01-25 08:11:05| [36;20m[1m    red[0m[0m [33;20m WARNING[0m| error=KeyError('full-size cover url')
2024-01-25 08:11:06| [36;20m[1m   spin[0m[0m [32;20m    INFO[0m| updating movie database with genre='drama'
2024-01-25 08:11:23| [36;20m[1m    red[0m[0m [33;20m WARNING[0m| error=KeyError('runtimes')
2024-01-25 08:11:24| [36;20m[1m   spin[0m[0m [32;20m    INFO[0m| updating movie database with genre='family'
2024-01-25 08:11:45| [36;20m[1m    red[0m[0m [33;20m WARNING[0m| error=KeyError('runtimes')
2024-01-25 08:11:45| [36;20m[1m    red[0m[0m [33;20m WARNING[0m| error=KeyError('videos')
2024-01-25 08:11:45| [36;20m[1m    red[0m[0m [33;20m WARNING[0m| error=KeyError('full-size cover url')
2024-01-25 08:11:45| [36;20m[1m    red[0m[0m [33;20m WARNING[0m| error=KeyError('runtimes')
2024-01-25 08:11:45| [36;20m[1m    red[0m[0m [33;20m WARNING[0m| error=KeyError('videos')
2024-01-25 08:11:45| [36;20m[1m    red[0m[0m [33;20m WARNING[0m| error=KeyError('runtimes')
2024-01-25 08:11:45| [36;20m[1m    red[0m[0m [33;20m WARNING[0m| error=KeyError('videos')
2024-01-25 08:11:46| [36;20m[1m   spin[0m[0m [32;20m    INFO[0m| updating movie database with genre='thriller'
2024-01-25 08:12:33| [36;20m[1m    red[0m[0m [33;20m WARNING[0m| error=KeyError('runtimes')
2024-01-25 08:12:33| [36;20m[1m    red[0m[0m [33;20m WARNING[0m| error=KeyError('runtimes')
2024-01-25 08:12:33| [36;20m[1m   spin[0m[0m [33;20m WARNING[0m| error=IMDbDataAccessError({'errcode': None, 'errmsg': 'None', 'url': 'https://www.imdb.com/title/tt9620292/plotsummary', 'proxy': '', 'exception type': 'IOError', 'original exception': TimeoutError('The read operation timed out')})
2024-01-25 08:12:33| [36;20m[1m   spin[0m[0m [33;20m WARNING[0m| could not update genre='thriller'
2024-01-26 04:27:57| [36;20m[1m__init__[0m[0m [32;20m    INFO[0m| Redis is down
2024-01-26 04:27:57| [36;20m[1m__init__[0m[0m [32;20m    INFO[0m| 
2024-01-26 04:28:41| [36;20m[1m__init__[0m[0m [32;20m    INFO[0m| Redis is down
2024-01-26 04:28:42| [36;20m[1m__init__[0m[0m [32;20m    INFO[0m| 
2024-01-26 04:29:42| [36;20m[1m__init__[0m[0m [32;20m    INFO[0m| Redis is down. starting container
2024-01-26 04:29:43| [36;20m[1m__init__[0m[0m [32;20m    INFO[0m| 
2024-01-26 04:29:46| [36;20m[1m__init__[0m[0m [32;20m    INFO[0m| Redis is down. starting container
2024-01-26 04:29:46| [36;20m[1m__init__[0m[0m [32;20m    INFO[0m| 
2024-01-26 04:31:16| [36;20m[1m__init__[0m[0m [32;20m    INFO[0m| Redis is down. starting container
2024-01-26 04:31:16| [36;20m[1m__init__[0m[0m [32;20m    INFO[0m| 
2024-01-26 04:31:24| [36;20m[1m__init__[0m[0m [32;20m    INFO[0m| Redis is down. starting container
2024-01-26 04:31:24| [36;20m[1m__init__[0m[0m [32;20m    INFO[0m| 
2024-01-26 04:33:14| [36;20m[1m__init__[0m[0m [32;20m    INFO[0m| Redis is down. starting container
2024-01-26 04:33:14| [36;20m[1m__init__[0m[0m [32;20m    INFO[0m| 
2024-01-26 04:33:23| [36;20m[1m__init__[0m[0m [32;20m    INFO[0m| Redis is down. starting container
2024-01-26 04:33:24| [36;20m[1m__init__[0m[0m [32;20m    INFO[0m| 
2024-01-26 04:37:32| [36;20m[1m__init__[0m[0m [32;20m    INFO[0m| Redis is running
2024-01-26 04:44:37| [36;20m[1m__init__[0m[0m [32;20m    INFO[0m| Redis is running
2024-01-26 05:01:11| [36;20m[1m__init__[0m[0m [32;20m    INFO[0m| Redis is running
2024-01-26 05:03:26| [36;20m[1m__init__[0m[0m [32;20m    INFO[0m| Redis is running
2024-01-26 05:05:42| [36;20m[1m__init__[0m[0m [32;20m    INFO[0m| Redis is running
2024-01-26 05:08:19| [36;20m[1m__init__[0m[0m [32;20m    INFO[0m| Redis is running
2024-01-26 05:46:42| [36;20m[1m__init__[0m[0m [32;20m    INFO[0m| Redis is running
2024-01-26 05:53:41| [36;20m[1m__init__[0m[0m [32;20m    INFO[0m| Redis is running
2024-01-26 05:53:41| [36;20m[1m   spin[0m[0m [32;20m    INFO[0m| type: False
2024-01-26 05:53:41| [36;20m[1m   spin[0m[0m [32;20m    INFO[0m| updating movie database with genre='horror'
2024-01-26 05:53:59| [36;20m[1m    red[0m[0m [33;20m WARNING[0m| error=KeyError('runtimes')
2024-01-26 05:53:59| [36;20m[1m    red[0m[0m [33;20m WARNING[0m| error=KeyError('runtimes')
2024-01-26 05:53:59| [36;20m[1m    red[0m[0m [33;20m WARNING[0m| error=KeyError('videos')
2024-01-26 05:53:59| [36;20m[1m    red[0m[0m [33;20m WARNING[0m| error=KeyError('runtimes')
2024-01-26 05:53:59| [36;20m[1m    red[0m[0m [33;20m WARNING[0m| error=KeyError('videos')
2024-01-26 05:53:59| [36;20m[1m    red[0m[0m [33;20m WARNING[0m| error=KeyError('runtimes')
2024-01-26 05:53:59| [36;20m[1m    red[0m[0m [33;20m WARNING[0m| error=KeyError('full-size cover url')
2024-01-26 05:54:00| [36;20m[1m   spin[0m[0m [32;20m    INFO[0m| updating movie database with genre='drama'
2024-01-26 05:54:19| [36;20m[1m    red[0m[0m [33;20m WARNING[0m| error=KeyError('runtimes')
2024-01-26 05:54:20| [36;20m[1m   spin[0m[0m [32;20m    INFO[0m| updating movie database with genre='sci-fi'
2024-01-26 05:54:42| [36;20m[1m    red[0m[0m [33;20m WARNING[0m| error=KeyError('runtimes')
2024-01-26 05:54:42| [36;20m[1m    red[0m[0m [33;20m WARNING[0m| error=KeyError('runtimes')
2024-01-26 05:54:42| [36;20m[1m    red[0m[0m [33;20m WARNING[0m| error=KeyError('runtimes')
2024-01-26 05:54:42| [36;20m[1m    red[0m[0m [33;20m WARNING[0m| error=KeyError('runtimes')
2024-01-26 05:54:42| [36;20m[1m    red[0m[0m [33;20m WARNING[0m| error=KeyError('runtimes')
2024-01-26 05:54:42| [36;20m[1m    red[0m[0m [33;20m WARNING[0m| error=KeyError('videos')
2024-01-26 05:54:43| [36;20m[1m   spin[0m[0m [32;20m    INFO[0m| updating movie database with genre='adventure'
2024-01-26 05:55:18| [36;20m[1m   spin[0m[0m [33;20m WARNING[0m| error=IMDbDataAccessError({'errcode': None, 'errmsg': 'None', 'url': 'https://www.imdb.com/title/tt11858890/plotsummary', 'proxy': '', 'exception type': 'IOError', 'original exception': TimeoutError('The read operation timed out')})
2024-01-26 05:55:18| [36;20m[1m   spin[0m[0m [33;20m WARNING[0m| could not update genre='adventure'
2024-01-26 05:55:18| [36;20m[1m   spin[0m[0m [32;20m    INFO[0m| updating movie database with genre='comedy'
2024-01-26 05:55:38| [36;20m[1m    red[0m[0m [33;20m WARNING[0m| error=KeyError('runtimes')
2024-01-26 05:55:39| [36;20m[1m   spin[0m[0m [32;20m    INFO[0m| updating movie database with genre='family'
2024-01-26 05:56:15| [36;20m[1m   spin[0m[0m [33;20m WARNING[0m| error=IMDbDataAccessError({'errcode': None, 'errmsg': 'None', 'url': 'https://www.imdb.com/title/tt5697572/plotsummary', 'proxy': '', 'exception type': 'IOError', 'original exception': TimeoutError('The read operation timed out')})
2024-01-26 05:56:15| [36;20m[1m   spin[0m[0m [33;20m WARNING[0m| could not update genre='family'
2024-01-26 05:56:16| [36;20m[1m   spin[0m[0m [32;20m    INFO[0m| updating movie database with genre='romance'
2024-01-26 05:56:34| [36;20m[1m    red[0m[0m [33;20m WARNING[0m| error=KeyError('runtimes')
2024-01-26 05:56:34| [36;20m[1m    red[0m[0m [33;20m WARNING[0m| error=KeyError('languages')
2024-01-26 05:56:34| [36;20m[1m    red[0m[0m [33;20m WARNING[0m| error=KeyError('videos')
2024-01-26 05:56:34| [36;20m[1m    red[0m[0m [33;20m WARNING[0m| error=KeyError('videos')
2024-01-26 05:56:34| [36;20m[1m    red[0m[0m [33;20m WARNING[0m| error=KeyError('videos')
2024-01-26 05:56:35| [36;20m[1m   spin[0m[0m [32;20m    INFO[0m| updating movie database with genre='thriller'
2024-01-26 05:56:55| [36;20m[1m    red[0m[0m [33;20m WARNING[0m| error=KeyError('runtimes')
2024-01-26 05:56:55| [36;20m[1m    red[0m[0m [33;20m WARNING[0m| error=KeyError('runtimes')
2024-01-27 03:41:43| [36;20m[1m__init__[0m[0m [32;20m    INFO[0m| Redis is running
2024-01-27 04:32:37| [36;20m[1m__init__[0m[0m [32;20m    INFO[0m| Redis is running
2024-01-27 04:33:11| [36;20m[1m__init__[0m[0m [32;20m    INFO[0m| Redis is running
2024-01-27 04:34:12| [36;20m[1m__init__[0m[0m [32;20m    INFO[0m| Redis is running
2024-01-27 04:35:29| [36;20m[1m__init__[0m[0m [32;20m    INFO[0m| Redis is running
2024-01-27 04:40:30| [36;20m[1m__init__[0m[0m [32;20m    INFO[0m| Redis is running
2024-01-27 04:40:46| [36;20m[1m__init__[0m[0m [32;20m    INFO[0m| Redis is running
2024-01-27 04:40:46| [36;20m[1m   spin[0m[0m [32;20m    INFO[0m| type: False
2024-01-27 04:41:09| [36;20m[1m__init__[0m[0m [32;20m    INFO[0m| Redis is running
2024-01-27 04:41:10| [36;20m[1m   spin[0m[0m [32;20m    INFO[0m| type: False
2024-01-27 04:41:10| [36;20m[1m   spin[0m[0m [32;20m    INFO[0m| genres=['horror']
2024-01-27 04:41:10| [36;20m[1m   spin[0m[0m [32;20m    INFO[0m| updating movie database with genre='horror'
2024-01-27 04:41:27| [36;20m[1m    red[0m[0m [33;20m WARNING[0m| error=KeyError('runtimes')
2024-01-27 04:41:27| [36;20m[1m    red[0m[0m [33;20m WARNING[0m| error=KeyError('runtimes')
2024-01-27 04:41:27| [36;20m[1m    red[0m[0m [33;20m WARNING[0m| error=KeyError('videos')
2024-01-27 04:41:27| [36;20m[1m    red[0m[0m [33;20m WARNING[0m| error=KeyError('runtimes')
2024-01-27 04:41:27| [36;20m[1m    red[0m[0m [33;20m WARNING[0m| error=KeyError('videos')
2024-01-27 04:41:27| [36;20m[1m    red[0m[0m [33;20m WARNING[0m| error=KeyError('runtimes')
2024-01-27 04:41:27| [36;20m[1m    red[0m[0m [33;20m WARNING[0m| error=KeyError('full-size cover url')
2024-01-27 04:44:54| [36;20m[1m__init__[0m[0m [32;20m    INFO[0m| Redis is running
2024-01-27 04:44:54| [36;20m[1m    spin[0m[0m [32;20m    INFO[0m| genres=['horror', 'drama', 'sci-fi', 'adventure', 'comedy', 'family', 'romance', 'thriller']
2024-01-27 04:44:54| [36;20m[1m    spin[0m[0m [32;20m    INFO[0m| updating movie database with genre='horror'
2024-01-27 04:45:10| [36;20m[1m     red[0m[0m [33;20m WARNING[0m| error=KeyError('runtimes')
2024-01-27 04:45:10| [36;20m[1m     red[0m[0m [33;20m WARNING[0m| error=KeyError('runtimes')
2024-01-27 04:45:10| [36;20m[1m     red[0m[0m [33;20m WARNING[0m| error=KeyError('videos')
2024-01-27 04:45:10| [36;20m[1m     red[0m[0m [33;20m WARNING[0m| error=KeyError('runtimes')
2024-01-27 04:45:10| [36;20m[1m     red[0m[0m [33;20m WARNING[0m| error=KeyError('videos')
2024-01-27 04:45:11| [36;20m[1m     red[0m[0m [33;20m WARNING[0m| error=KeyError('runtimes')
2024-01-27 04:45:11| [36;20m[1m     red[0m[0m [33;20m WARNING[0m| error=KeyError('full-size cover url')
2024-01-27 04:45:12| [36;20m[1m    spin[0m[0m [32;20m    INFO[0m| updating movie database with genre='drama'
2024-01-27 04:45:30| [36;20m[1m     red[0m[0m [33;20m WARNING[0m| error=KeyError('runtimes')
2024-01-27 04:45:31| [36;20m[1m    spin[0m[0m [32;20m    INFO[0m| updating movie database with genre='sci-fi'
2024-01-27 04:45:53| [36;20m[1m     red[0m[0m [33;20m WARNING[0m| error=KeyError('runtimes')
2024-01-27 04:45:53| [36;20m[1m     red[0m[0m [33;20m WARNING[0m| error=KeyError('runtimes')
2024-01-27 04:45:53| [36;20m[1m     red[0m[0m [33;20m WARNING[0m| error=KeyError('runtimes')
2024-01-27 04:45:53| [36;20m[1m     red[0m[0m [33;20m WARNING[0m| error=KeyError('runtimes')
2024-01-27 04:45:53| [36;20m[1m     red[0m[0m [33;20m WARNING[0m| error=KeyError('runtimes')
2024-01-27 04:45:53| [36;20m[1m     red[0m[0m [33;20m WARNING[0m| error=KeyError('videos')
2024-01-27 04:45:54| [36;20m[1m    spin[0m[0m [32;20m    INFO[0m| updating movie database with genre='adventure'
2024-01-27 04:46:32| [36;20m[1m    spin[0m[0m [33;20m WARNING[0m| error=IMDbDataAccessError({'errcode': None, 'errmsg': 'None', 'url': 'https://www.imdb.com/title/tt0106246/plotsummary', 'proxy': '', 'exception type': 'IOError', 'original exception': TimeoutError('The read operation timed out')})
2024-01-27 04:46:32| [36;20m[1m    spin[0m[0m [33;20m WARNING[0m| could not update genre='adventure'
2024-01-27 04:46:32| [36;20m[1m    spin[0m[0m [32;20m    INFO[0m| updating movie database with genre='comedy'
2024-01-27 04:47:13| [36;20m[1m    spin[0m[0m [33;20m WARNING[0m| error=IMDbDataAccessError({'errcode': None, 'errmsg': 'None', 'url': 'https://www.imdb.com/title/tt17351924/plotsummary', 'proxy': '', 'exception type': 'IOError', 'original exception': TimeoutError('The read operation timed out')})
2024-01-27 04:47:13| [36;20m[1m    spin[0m[0m [33;20m WARNING[0m| could not update genre='comedy'
2024-01-27 04:47:13| [36;20m[1m    spin[0m[0m [32;20m    INFO[0m| updating movie database with genre='family'
2024-01-27 04:47:34| [36;20m[1m     red[0m[0m [33;20m WARNING[0m| error=KeyError('runtimes')
2024-01-27 04:47:34| [36;20m[1m     red[0m[0m [33;20m WARNING[0m| error=KeyError('videos')
2024-01-27 04:47:34| [36;20m[1m     red[0m[0m [33;20m WARNING[0m| error=KeyError('full-size cover url')
2024-01-27 04:47:34| [36;20m[1m     red[0m[0m [33;20m WARNING[0m| error=KeyError('runtimes')
2024-01-27 04:47:34| [36;20m[1m     red[0m[0m [33;20m WARNING[0m| error=KeyError('videos')
2024-01-27 04:47:34| [36;20m[1m     red[0m[0m [33;20m WARNING[0m| error=KeyError('runtimes')
2024-01-27 04:47:34| [36;20m[1m     red[0m[0m [33;20m WARNING[0m| error=KeyError('videos')
2024-01-27 04:47:35| [36;20m[1m    spin[0m[0m [32;20m    INFO[0m| updating movie database with genre='romance'
2024-01-27 04:47:53| [36;20m[1m     red[0m[0m [33;20m WARNING[0m| error=KeyError('runtimes')
2024-01-27 04:47:53| [36;20m[1m     red[0m[0m [33;20m WARNING[0m| error=KeyError('languages')
2024-01-27 04:47:53| [36;20m[1m     red[0m[0m [33;20m WARNING[0m| error=KeyError('videos')
2024-01-27 04:47:53| [36;20m[1m     red[0m[0m [33;20m WARNING[0m| error=KeyError('videos')
2024-01-27 04:47:53| [36;20m[1m     red[0m[0m [33;20m WARNING[0m| error=KeyError('videos')
2024-01-27 04:47:54| [36;20m[1m    spin[0m[0m [32;20m    INFO[0m| updating movie database with genre='thriller'
2024-01-27 04:48:14| [36;20m[1m     red[0m[0m [33;20m WARNING[0m| error=KeyError('runtimes')
2024-01-27 04:48:14| [36;20m[1m     red[0m[0m [33;20m WARNING[0m| error=KeyError('runtimes')
2024-01-27 04:57:24| [36;20m[1m__init__[0m[0m [32;20m    INFO[0m| Redis is running
2024-01-27 04:57:25| [36;20m[1m    spin[0m[0m [32;20m    INFO[0m| genres=['horror', 'comedy', 'romance', 'drama']
2024-01-27 04:57:25| [36;20m[1m    spin[0m[0m [32;20m    INFO[0m| updating movie database with genre='horror'
2024-01-27 04:57:59| [36;20m[1m__init__[0m[0m [32;20m    INFO[0m| Redis is running
2024-01-27 04:57:59| [36;20m[1m    spin[0m[0m [32;20m    INFO[0m| updating movie database with genre='horror'
2024-01-27 04:58:19| [36;20m[1m     red[0m[0m [33;20m WARNING[0m| error=KeyError('runtimes')
2024-01-27 04:58:19| [36;20m[1m     red[0m[0m [33;20m WARNING[0m| error=KeyError('runtimes')
2024-01-27 04:58:19| [36;20m[1m     red[0m[0m [33;20m WARNING[0m| error=KeyError('videos')
2024-01-27 04:58:19| [36;20m[1m     red[0m[0m [33;20m WARNING[0m| error=KeyError('runtimes')
2024-01-27 04:58:19| [36;20m[1m     red[0m[0m [33;20m WARNING[0m| error=KeyError('videos')
2024-01-27 04:58:19| [36;20m[1m     red[0m[0m [33;20m WARNING[0m| error=KeyError('runtimes')
2024-01-27 04:58:19| [36;20m[1m     red[0m[0m [33;20m WARNING[0m| error=KeyError('full-size cover url')
2024-01-27 04:58:20| [36;20m[1m    spin[0m[0m [32;20m    INFO[0m| updating movie database with genre='comedy'
2024-01-27 04:58:40| [36;20m[1m     red[0m[0m [33;20m WARNING[0m| error=KeyError('runtimes')
2024-01-27 04:58:41| [36;20m[1m    spin[0m[0m [32;20m    INFO[0m| updating movie database with genre='romance'
2024-01-27 04:58:59| [36;20m[1m     red[0m[0m [33;20m WARNING[0m| error=KeyError('runtimes')
2024-01-27 04:58:59| [36;20m[1m     red[0m[0m [33;20m WARNING[0m| error=KeyError('languages')
2024-01-27 04:58:59| [36;20m[1m     red[0m[0m [33;20m WARNING[0m| error=KeyError('videos')
2024-01-27 04:58:59| [36;20m[1m     red[0m[0m [33;20m WARNING[0m| error=KeyError('videos')
2024-01-27 04:58:59| [36;20m[1m     red[0m[0m [33;20m WARNING[0m| error=KeyError('videos')
2024-01-27 04:59:00| [36;20m[1m    spin[0m[0m [32;20m    INFO[0m| updating movie database with genre='drama'
2024-01-27 04:59:19| [36;20m[1m     red[0m[0m [33;20m WARNING[0m| error=KeyError('runtimes')
2024-01-27 05:08:39| [36;20m[1m__init__[0m[0m [32;20m    INFO[0m| Redis is running
2024-01-27 05:29:16| [36;20m[1m__init__[0m[0m [32;20m    INFO[0m| Redis is running
2024-01-27 05:36:33| [36;20m[1m__init__[0m[0m [32;20m    INFO[0m| Redis is running
2024-01-27 05:37:07| [36;20m[1m__init__[0m[0m [32;20m    INFO[0m| Redis is running
2024-01-27 05:37:07| [36;20m[1mapp_images[0m[0m [32;20m    INFO[0m| building image page for horror movies
2024-01-27 05:37:54| [36;20m[1m__init__[0m[0m [32;20m    INFO[0m| Redis is running
2024-01-27 05:37:54| [36;20m[1mapp_images[0m[0m [32;20m    INFO[0m| building image page for horror movies
2024-01-27 05:37:55| [36;20m[1mapp_images[0m[0m [33;20m WARNING[0m| Beetlejuice 2: 'full-size cover url'
2024-01-27 05:41:40| [36;20m[1m__init__[0m[0m [32;20m    INFO[0m| Redis is running
2024-01-27 05:41:41| [36;20m[1mapp_images[0m[0m [32;20m    INFO[0m| building image page for horror movies
2024-01-27 05:41:41| [36;20m[1mapp_images[0m[0m [32;20m    INFO[0m| building image page for horror movies
2024-01-27 05:41:41| [36;20m[1mapp_images[0m[0m [32;20m    INFO[0m| building image page for horror movies
2024-01-27 05:41:41| [36;20m[1mapp_images[0m[0m [33;20m WARNING[0m| Beetlejuice 2: 'full-size cover url'
2024-01-27 05:41:41| [36;20m[1mapp_images[0m[0m [33;20m WARNING[0m| Beetlejuice 2: 'full-size cover url'
2024-01-27 05:41:41| [36;20m[1mapp_images[0m[0m [33;20m WARNING[0m| Beetlejuice 2: 'full-size cover url'
2024-01-27 05:41:41| [36;20m[1mapp_images[0m[0m [33;20m WARNING[0m| Beetlejuice 2: 'full-size cover url'
2024-01-27 05:43:34| [36;20m[1m__init__[0m[0m [32;20m    INFO[0m| Redis is running
2024-01-27 05:43:34| [36;20m[1mapp_images[0m[0m [32;20m    INFO[0m| building image page for horror movies
2024-01-27 05:43:34| [36;20m[1mapp_images[0m[0m [33;20m WARNING[0m| Beetlejuice 2: 'full-size cover url'
2024-01-27 05:44:24| [36;20m[1m__init__[0m[0m [32;20m    INFO[0m| Redis is running
2024-01-27 05:44:24| [36;20m[1mapp_images[0m[0m [32;20m    INFO[0m| building image page for horror movies
2024-01-27 05:44:24| [36;20m[1mapp_images[0m[0m [33;20m WARNING[0m| Beetlejuice 2: 'full-size cover url'
2024-01-27 05:50:08| [36;20m[1m__init__[0m[0m [32;20m    INFO[0m| Redis is running
2024-01-27 05:50:08| [36;20m[1mapp_images[0m[0m [32;20m    INFO[0m| building image page for horror movies
2024-01-27 05:50:08| [36;20m[1mapp_images[0m[0m [33;20m WARNING[0m| Beetlejuice 2: 'full-size cover url'
2024-01-27 05:50:34| [36;20m[1m__init__[0m[0m [32;20m    INFO[0m| Redis is running
2024-01-27 05:50:34| [36;20m[1mapp_images[0m[0m [32;20m    INFO[0m| building image page for horror movies
2024-01-27 05:50:34| [36;20m[1mapp_images[0m[0m [33;20m WARNING[0m| Beetlejuice 2: 'full-size cover url'
2024-01-27 05:52:56| [36;20m[1m__init__[0m[0m [32;20m    INFO[0m| Redis is running
2024-01-27 05:52:56| [36;20m[1mapp_images[0m[0m [32;20m    INFO[0m| building image page for horror movies
2024-01-27 05:52:56| [36;20m[1mapp_images[0m[0m [33;20m WARNING[0m| Beetlejuice 2: 'full-size cover url'
2024-01-27 06:37:49| [36;20m[1m__init__[0m[0m [32;20m    INFO[0m| Redis is running
2024-01-27 06:37:49| [36;20m[1mapp_images[0m[0m [32;20m    INFO[0m| building image page for horror movies
2024-01-27 06:37:49| [36;20m[1mapp_images[0m[0m [33;20m WARNING[0m| Beetlejuice 2: 'full-size cover url'
2024-01-27 06:38:37| [36;20m[1m__init__[0m[0m [32;20m    INFO[0m| Redis is running
2024-01-27 06:38:38| [36;20m[1mapp_images[0m[0m [32;20m    INFO[0m| building image page for horror movies
2024-01-27 06:38:38| [36;20m[1mapp_images[0m[0m [32;20m    INFO[0m| building image page for horror movies
2024-01-27 06:38:38| [36;20m[1mapp_images[0m[0m [32;20m    INFO[0m| building image page for horror movies
2024-01-27 06:38:38| [36;20m[1mapp_images[0m[0m [33;20m WARNING[0m| Beetlejuice 2: 'full-size cover url'
2024-01-27 06:38:38| [36;20m[1mapp_images[0m[0m [33;20m WARNING[0m| Beetlejuice 2: 'full-size cover url'
2024-01-27 06:43:59| [36;20m[1m  __init__[0m[0m [32;20m    INFO[0m| Redis is running
2024-01-27 06:44:00| [36;20m[1mapp_images[0m[0m [32;20m    INFO[0m| building image page for horror movies
2024-01-27 06:44:00| [36;20m[1mapp_images[0m[0m [33;20m WARNING[0m| Beetlejuice 2: 'full-size cover url'
2024-01-27 06:47:17| [36;20m[1m  __init__[0m[0m [32;20m    INFO[0m| Redis is running
2024-01-27 06:47:17| [36;20m[1mapp_images[0m[0m [32;20m    INFO[0m| building image page for horror movies
2024-01-27 06:47:58| [36;20m[1m  __init__[0m[0m [32;20m    INFO[0m| Redis is running
2024-01-27 06:47:58| [36;20m[1mapp_images[0m[0m [32;20m    INFO[0m| building image page for horror movies
2024-01-27 06:48:56| [36;20m[1m  __init__[0m[0m [32;20m    INFO[0m| Redis is running
2024-01-27 06:48:56| [36;20m[1mapp_images[0m[0m [32;20m    INFO[0m| building image page for horror movies
2024-01-27 06:48:57| [36;20m[1mapp_images[0m[0m [33;20m WARNING[0m| Beetlejuice 2: 'full-size cover url'
2024-01-27 06:51:20| [36;20m[1m  __init__[0m[0m [32;20m    INFO[0m| Redis is running
2024-01-27 06:51:20| [36;20m[1mapp_images[0m[0m [32;20m    INFO[0m| building image page for horror movies
2024-01-27 06:51:21| [36;20m[1mapp_images[0m[0m [33;20m WARNING[0m| Beetlejuice 2: 'full-size cover url'
2024-01-27 07:04:11| [36;20m[1m  __init__[0m[0m [32;20m    INFO[0m| Redis is running
2024-01-27 07:04:11| [36;20m[1mapp_images[0m[0m [32;20m    INFO[0m| building image page for horror movies
2024-01-27 07:04:25| [36;20m[1mapp_images[0m[0m [33;20m WARNING[0m| Beetlejuice 2: 'full-size cover url'
2024-01-27 07:05:19| [36;20m[1m  __init__[0m[0m [32;20m    INFO[0m| Redis is running
2024-01-27 07:05:19| [36;20m[1mapp_images[0m[0m [32;20m    INFO[0m| building image page for horror movies
2024-01-27 07:05:31| [36;20m[1mapp_images[0m[0m [33;20m WARNING[0m| Beetlejuice 2: 'full-size cover url'
2024-01-27 07:06:39| [36;20m[1m  __init__[0m[0m [32;20m    INFO[0m| Redis is running
2024-01-27 07:06:39| [36;20m[1mapp_images[0m[0m [32;20m    INFO[0m| building image page for horror movies
2024-01-27 07:06:59| [36;20m[1mapp_images[0m[0m [33;20m WARNING[0m| Beetlejuice 2: 'full-size cover url'
2024-01-27 17:12:27| [36;20m[1m  __init__[0m[0m [32;20m    INFO[0m| Redis is running
2024-01-27 17:58:50| [36;20m[1m  __init__[0m[0m [32;20m    INFO[0m| Redis is running
2024-01-28 00:06:03| [36;20m[1m  __init__[0m[0m [32;20m    INFO[0m| Redis is running
2024-01-28 03:14:15| [36;20m[1m  __init__[0m[0m [32;20m    INFO[0m| Redis is running
2024-01-28 03:18:23| [36;20m[1m  __init__[0m[0m [32;20m    INFO[0m| Redis is running
2024-01-28 03:24:15| [36;20m[1m  __init__[0m[0m [32;20m    INFO[0m| Redis is running
2024-01-28 06:23:42| [36;20m[1m  __init__[0m[0m [32;20m    INFO[0m| Redis is running
2024-01-28 06:28:15| [36;20m[1m  __init__[0m[0m [32;20m    INFO[0m| Redis is running
2024-01-28 06:32:44| [36;20m[1m  __init__[0m[0m [32;20m    INFO[0m| Redis is running
2024-01-28 07:08:53| [36;20m[1m  __init__[0m[0m [32;20m    INFO[0m| Redis is running
2024-01-28 07:12:39| [36;20m[1m  __init__[0m[0m [32;20m    INFO[0m| Redis is running
2024-01-28 07:14:38| [36;20m[1m       red[0m[0m [33;20m WARNING[0m| error=KeyError('runtimes')
2024-01-28 07:15:48| [36;20m[1m  __init__[0m[0m [32;20m    INFO[0m| Redis is running
2024-01-28 07:16:12| [36;20m[1m       red[0m[0m [33;20m WARNING[0m| error=KeyError('runtimes')
2024-01-28 07:16:40| [36;20m[1m       red[0m[0m [33;20m WARNING[0m| error=KeyError('runtimes')
2024-01-28 07:16:40| [36;20m[1m       red[0m[0m [33;20m WARNING[0m| error=KeyError('videos')
2024-01-28 07:16:41| [36;20m[1m       red[0m[0m [33;20m WARNING[0m| error=KeyError('runtimes')
2024-01-28 07:16:41| [36;20m[1m       red[0m[0m [33;20m WARNING[0m| error=KeyError('videos')
2024-01-28 07:16:55| [36;20m[1m       red[0m[0m [33;20m WARNING[0m| error=KeyError('runtimes')
2024-01-28 07:16:55| [36;20m[1m       red[0m[0m [33;20m WARNING[0m| error=KeyError('full-size cover url')
2024-01-28 07:25:49| [36;20m[1m  __init__[0m[0m [32;20m    INFO[0m| Redis is running
2024-01-28 07:28:06| [36;20m[1m       red[0m[0m [33;20m WARNING[0m| error=KeyError('runtimes')
2024-01-28 07:28:06| [36;20m[1m   _images[0m[0m [32;20m    INFO[0m| Already have it: abigail
2024-01-28 07:28:07| [36;20m[1m   _images[0m[0m [32;20m    INFO[0m| Already have it: godzilla minus one
2024-01-28 07:28:07| [36;20m[1m   _images[0m[0m [32;20m    INFO[0m| Already have it: night swim
2024-01-28 07:28:12| [36;20m[1m   _images[0m[0m [32;20m    INFO[0m| Already have it: x
2024-01-28 07:28:12| [36;20m[1m   _images[0m[0m [32;20m    INFO[0m| Already have it: the killing of a sacred deer
2024-01-28 07:28:14| [36;20m[1m   _images[0m[0m [32;20m    INFO[0m| Already have it: dream scenario
2024-01-28 07:28:14| [36;20m[1m   _images[0m[0m [32;20m    INFO[0m| Already have it: five nights at freddy's
2024-01-28 07:28:14| [36;20m[1m   _images[0m[0m [32;20m    INFO[0m| Already have it: a haunting in venice
2024-01-28 07:28:16| [36;20m[1m   _images[0m[0m [32;20m    INFO[0m| Already have it: talk to me
2024-01-28 07:28:25| [36;20m[1m   _images[0m[0m [32;20m    INFO[0m| Already have it: thanksgiving
2024-01-28 07:28:26| [36;20m[1m   _images[0m[0m [32;20m    INFO[0m| Already have it: midsommar
2024-01-28 07:28:29| [36;20m[1m   _images[0m[0m [32;20m    INFO[0m| Already have it: nefarious
2024-01-28 07:28:29| [36;20m[1m   _images[0m[0m [32;20m    INFO[0m| Already have it: beau is afraid
2024-01-28 07:28:29| [36;20m[1m   _images[0m[0m [32;20m    INFO[0m| Already have it: pearl
2024-01-28 07:28:33| [36;20m[1m       red[0m[0m [33;20m WARNING[0m| error=KeyError('runtimes')
2024-01-28 07:28:33| [36;20m[1m       red[0m[0m [33;20m WARNING[0m| error=KeyError('videos')
2024-01-28 07:28:33| [36;20m[1m   _images[0m[0m [32;20m    INFO[0m| Already have it: nosferatu
2024-01-28 07:28:33| [36;20m[1m   _images[0m[0m [32;20m    INFO[0m| Already have it: when evil lurks
2024-01-28 07:28:34| [36;20m[1m   _images[0m[0m [32;20m    INFO[0m| Already have it: the menu
2024-01-28 07:28:34| [36;20m[1m       red[0m[0m [33;20m WARNING[0m| error=KeyError('runtimes')
2024-01-28 07:28:34| [36;20m[1m       red[0m[0m [33;20m WARNING[0m| error=KeyError('videos')
2024-01-28 07:28:34| [36;20m[1m   _images[0m[0m [32;20m    INFO[0m| Already have it: alien: romulus
2024-01-28 07:28:34| [36;20m[1m   _images[0m[0m [32;20m    INFO[0m| Already have it: hereditary
2024-01-28 07:28:40| [36;20m[1m   _images[0m[0m [32;20m    INFO[0m| Already have it: morbius
2024-01-28 07:28:40| [36;20m[1m   _images[0m[0m [32;20m    INFO[0m| Already have it: a serbian film
2024-01-28 07:28:40| [36;20m[1m   _images[0m[0m [32;20m    INFO[0m| Already have it: 28 days later
2024-01-28 07:28:40| [36;20m[1m   _images[0m[0m [32;20m    INFO[0m| Already have it: virus
2024-01-28 07:28:41| [36;20m[1m   _images[0m[0m [32;20m    INFO[0m| Already have it: alien
2024-01-28 07:28:41| [36;20m[1m   _images[0m[0m [32;20m    INFO[0m| Already have it: american psycho
2024-01-28 07:28:43| [36;20m[1m   _images[0m[0m [32;20m    INFO[0m| Already have it: the old dark house
2024-01-28 07:28:43| [36;20m[1m   _images[0m[0m [32;20m    INFO[0m| Already have it: infinity pool
2024-01-28 07:28:45| [36;20m[1m   _images[0m[0m [32;20m    INFO[0m| Already have it: barbarian
2024-01-28 07:28:45| [36;20m[1m   _images[0m[0m [32;20m    INFO[0m| Already have it: it comes at night
2024-01-28 07:28:46| [36;20m[1m   _images[0m[0m [32;20m    INFO[0m| Already have it: sunrise
2024-01-28 07:28:46| [36;20m[1m   _images[0m[0m [32;20m    INFO[0m| Already have it: meg 2: the trench
2024-01-28 07:28:46| [36;20m[1m   _images[0m[0m [32;20m    INFO[0m| Already have it: nope
2024-01-28 07:28:47| [36;20m[1m   _images[0m[0m [32;20m    INFO[0m| Already have it: the hunt
2024-01-28 07:28:48| [36;20m[1m       red[0m[0m [33;20m WARNING[0m| error=KeyError('runtimes')
2024-01-28 07:28:48| [36;20m[1m       red[0m[0m [33;20m WARNING[0m| error=KeyError('full-size cover url')
2024-01-28 07:28:48| [36;20m[1m   _images[0m[0m [33;20m WARNING[0m| no movie url: 'full-size cover url'
2024-01-28 07:32:44| [36;20m[1m  __init__[0m[0m [32;20m    INFO[0m| Redis is running
2024-01-28 07:33:07| [36;20m[1m       red[0m[0m [33;20m WARNING[0m| error=KeyError('runtimes')
2024-01-28 07:33:07| [36;20m[1m   _images[0m[0m [32;20m    INFO[0m| Already have it: abigail
2024-01-28 07:33:08| [36;20m[1m   _images[0m[0m [32;20m    INFO[0m| Already have it: godzilla minus one
2024-01-28 07:33:08| [36;20m[1m   _images[0m[0m [32;20m    INFO[0m| Already have it: night swim
2024-01-28 07:33:13| [36;20m[1m   _images[0m[0m [32;20m    INFO[0m| Already have it: x
2024-01-28 07:33:14| [36;20m[1m   _images[0m[0m [32;20m    INFO[0m| Already have it: the killing of a sacred deer
2024-01-28 07:33:15| [36;20m[1m   _images[0m[0m [32;20m    INFO[0m| Already have it: dream scenario
2024-01-28 07:33:15| [36;20m[1m   _images[0m[0m [32;20m    INFO[0m| Already have it: five nights at freddy's
2024-01-28 07:33:15| [36;20m[1m   _images[0m[0m [32;20m    INFO[0m| Already have it: a haunting in venice
2024-01-28 07:33:18| [36;20m[1m   _images[0m[0m [32;20m    INFO[0m| Already have it: talk to me
2024-01-28 07:33:26| [36;20m[1m   _images[0m[0m [32;20m    INFO[0m| Already have it: thanksgiving
2024-01-28 07:33:27| [36;20m[1m   _images[0m[0m [32;20m    INFO[0m| Already have it: midsommar
2024-01-28 07:33:30| [36;20m[1m   _images[0m[0m [32;20m    INFO[0m| Already have it: nefarious
2024-01-28 07:33:30| [36;20m[1m   _images[0m[0m [32;20m    INFO[0m| Already have it: beau is afraid
2024-01-28 07:33:30| [36;20m[1m   _images[0m[0m [32;20m    INFO[0m| Already have it: pearl
2024-01-28 07:33:34| [36;20m[1m       red[0m[0m [33;20m WARNING[0m| error=KeyError('runtimes')
2024-01-28 07:33:34| [36;20m[1m       red[0m[0m [33;20m WARNING[0m| error=KeyError('videos')
2024-01-28 07:33:34| [36;20m[1m   _images[0m[0m [32;20m    INFO[0m| Already have it: nosferatu
2024-01-28 07:33:35| [36;20m[1m   _images[0m[0m [32;20m    INFO[0m| Already have it: when evil lurks
2024-01-28 07:33:35| [36;20m[1m   _images[0m[0m [32;20m    INFO[0m| Already have it: the menu
2024-01-28 07:33:35| [36;20m[1m       red[0m[0m [33;20m WARNING[0m| error=KeyError('runtimes')
2024-01-28 07:33:35| [36;20m[1m       red[0m[0m [33;20m WARNING[0m| error=KeyError('videos')
2024-01-28 07:33:35| [36;20m[1m   _images[0m[0m [32;20m    INFO[0m| Already have it: alien: romulus
2024-01-28 07:33:36| [36;20m[1m   _images[0m[0m [32;20m    INFO[0m| Already have it: hereditary
2024-01-28 07:33:41| [36;20m[1m   _images[0m[0m [32;20m    INFO[0m| Already have it: morbius
2024-01-28 07:33:41| [36;20m[1m   _images[0m[0m [32;20m    INFO[0m| Already have it: a serbian film
2024-01-28 07:33:42| [36;20m[1m   _images[0m[0m [32;20m    INFO[0m| Already have it: 28 days later
2024-01-28 07:33:42| [36;20m[1m   _images[0m[0m [32;20m    INFO[0m| Already have it: virus
2024-01-28 07:33:43| [36;20m[1m   _images[0m[0m [32;20m    INFO[0m| Already have it: alien
2024-01-28 07:33:43| [36;20m[1m   _images[0m[0m [32;20m    INFO[0m| Already have it: american psycho
2024-01-28 07:33:44| [36;20m[1m   _images[0m[0m [32;20m    INFO[0m| Already have it: the old dark house
2024-01-28 07:33:45| [36;20m[1m   _images[0m[0m [32;20m    INFO[0m| Already have it: infinity pool
2024-01-28 07:33:46| [36;20m[1m   _images[0m[0m [32;20m    INFO[0m| Already have it: barbarian
2024-01-28 07:33:47| [36;20m[1m   _images[0m[0m [32;20m    INFO[0m| Already have it: it comes at night
2024-01-28 07:33:47| [36;20m[1m   _images[0m[0m [32;20m    INFO[0m| Already have it: sunrise
2024-01-28 07:33:48| [36;20m[1m   _images[0m[0m [32;20m    INFO[0m| Already have it: meg 2: the trench
2024-01-28 07:33:49| [36;20m[1m   _images[0m[0m [32;20m    INFO[0m| Already have it: nope
2024-01-28 07:33:49| [36;20m[1m   _images[0m[0m [32;20m    INFO[0m| Already have it: the hunt
2024-01-28 07:33:50| [36;20m[1m       red[0m[0m [33;20m WARNING[0m| error=KeyError('runtimes')
2024-01-28 07:33:50| [36;20m[1m       red[0m[0m [33;20m WARNING[0m| error=KeyError('full-size cover url')
2024-01-28 07:33:50| [36;20m[1m   _images[0m[0m [33;20m WARNING[0m| no movie url: 'full-size cover url'
2024-01-28 07:33:50| [36;20m[1m       red[0m[0m [32;20m    INFO[0m| skipping horror:2049403
2024-01-28 07:33:50| [36;20m[1m   _images[0m[0m [32;20m    INFO[0m| Already have it: the shining
2024-01-28 07:33:50| [36;20m[1m   _images[0m[0m [32;20m    INFO[0m| Already have it: get out
2024-01-28 07:33:53| [36;20m[1m   _images[0m[0m [32;20m    INFO[0m| Already have it: destroy all neighbors
2024-01-28 07:33:53| [36;20m[1m   _images[0m[0m [32;20m    INFO[0m| Already have it: no one will save you
2024-01-28 07:33:57| [36;20m[1m   _images[0m[0m [32;20m    INFO[0m| Already have it: the thing
2024-01-28 07:33:58| [36;20m[1m   _images[0m[0m [32;20m    INFO[0m| Already have it: lisa frankenstein
2024-01-28 07:39:41| [36;20m[1m  __init__[0m[0m [32;20m    INFO[0m| Redis is running
2024-01-28 07:39:44| [36;20m[1mapp_images[0m[0m [32;20m    INFO[0m| building image page for horror movies
2024-01-28 07:42:02| [36;20m[1m  __init__[0m[0m [32;20m    INFO[0m| Redis is running
2024-01-28 07:42:05| [36;20m[1mapp_images[0m[0m [32;20m    INFO[0m| building image page for horror movies
2024-01-28 07:42:14| [36;20m[1mapp_images[0m[0m [33;20m WARNING[0m| b'Beetlejuice 2': b'cover_image'
2024-01-28 07:48:09| [36;20m[1m  __init__[0m[0m [32;20m    INFO[0m| Redis is running
2024-01-28 07:48:12| [36;20m[1mapp_images[0m[0m [32;20m    INFO[0m| building image page for horror movies
2024-01-28 07:48:21| [36;20m[1mapp_images[0m[0m [33;20m WARNING[0m| b'Beetlejuice 2': b'cover_image'
2024-01-28 07:58:09| [36;20m[1m  __init__[0m[0m [32;20m    INFO[0m| Redis is running
2024-01-28 07:58:12| [36;20m[1m      spin[0m[0m [32;20m    INFO[0m| updating movie database with genre='horror'
2024-01-28 07:58:25| [36;20m[1m       red[0m[0m [33;20m WARNING[0m| error=KeyError('runtimes')
2024-01-28 07:58:25| [36;20m[1m   _images[0m[0m [32;20m    INFO[0m| Already have it: abigail
2024-01-28 07:58:26| [36;20m[1m   _images[0m[0m [32;20m    INFO[0m| Already have it: godzilla minus one
2024-01-28 07:58:26| [36;20m[1m   _images[0m[0m [32;20m    INFO[0m| Already have it: night swim
2024-01-28 07:58:31| [36;20m[1m   _images[0m[0m [32;20m    INFO[0m| Already have it: x
2024-01-28 07:58:32| [36;20m[1m   _images[0m[0m [32;20m    INFO[0m| Already have it: the killing of a sacred deer
2024-01-28 07:58:33| [36;20m[1m   _images[0m[0m [32;20m    INFO[0m| Already have it: dream scenario
2024-01-28 07:58:34| [36;20m[1m   _images[0m[0m [32;20m    INFO[0m| Already have it: five nights at freddy's
2024-01-28 07:58:34| [36;20m[1m   _images[0m[0m [32;20m    INFO[0m| Already have it: a haunting in venice
2024-01-28 07:58:37| [36;20m[1m   _images[0m[0m [32;20m    INFO[0m| Already have it: talk to me
2024-01-28 07:58:45| [36;20m[1m   _images[0m[0m [32;20m    INFO[0m| Already have it: thanksgiving
2024-01-28 07:58:47| [36;20m[1m   _images[0m[0m [32;20m    INFO[0m| Already have it: midsommar
2024-01-28 07:58:50| [36;20m[1m   _images[0m[0m [32;20m    INFO[0m| Already have it: nefarious
2024-01-28 07:58:50| [36;20m[1m   _images[0m[0m [32;20m    INFO[0m| Already have it: beau is afraid
2024-01-28 07:58:50| [36;20m[1m   _images[0m[0m [32;20m    INFO[0m| Already have it: pearl
2024-01-28 07:58:54| [36;20m[1m       red[0m[0m [33;20m WARNING[0m| error=KeyError('runtimes')
2024-01-28 07:58:54| [36;20m[1m       red[0m[0m [33;20m WARNING[0m| error=KeyError('videos')
2024-01-28 07:58:54| [36;20m[1m   _images[0m[0m [32;20m    INFO[0m| Already have it: nosferatu
2024-01-28 07:58:54| [36;20m[1m   _images[0m[0m [32;20m    INFO[0m| Already have it: when evil lurks
2024-01-28 07:58:55| [36;20m[1m   _images[0m[0m [32;20m    INFO[0m| Already have it: the menu
2024-01-28 07:58:56| [36;20m[1m       red[0m[0m [33;20m WARNING[0m| error=KeyError('runtimes')
2024-01-28 07:58:56| [36;20m[1m       red[0m[0m [33;20m WARNING[0m| error=KeyError('videos')
2024-01-28 07:58:56| [36;20m[1m   _images[0m[0m [32;20m    INFO[0m| Already have it: alien: romulus
2024-01-28 07:58:56| [36;20m[1m   _images[0m[0m [32;20m    INFO[0m| Already have it: hereditary
2024-01-28 07:59:02| [36;20m[1m   _images[0m[0m [32;20m    INFO[0m| Already have it: morbius
2024-01-28 07:59:03| [36;20m[1m   _images[0m[0m [32;20m    INFO[0m| Already have it: a serbian film
2024-01-28 07:59:03| [36;20m[1m   _images[0m[0m [32;20m    INFO[0m| Already have it: 28 days later
2024-01-28 07:59:04| [36;20m[1m   _images[0m[0m [32;20m    INFO[0m| Already have it: virus
2024-01-28 07:59:04| [36;20m[1m   _images[0m[0m [32;20m    INFO[0m| Already have it: alien
2024-01-28 07:59:05| [36;20m[1m   _images[0m[0m [32;20m    INFO[0m| Already have it: american psycho
2024-01-28 07:59:06| [36;20m[1m   _images[0m[0m [32;20m    INFO[0m| Already have it: the old dark house
2024-01-28 07:59:07| [36;20m[1m   _images[0m[0m [32;20m    INFO[0m| Already have it: infinity pool
2024-01-28 07:59:09| [36;20m[1m   _images[0m[0m [32;20m    INFO[0m| Already have it: barbarian
2024-01-28 07:59:10| [36;20m[1m   _images[0m[0m [32;20m    INFO[0m| Already have it: it comes at night
2024-01-28 07:59:10| [36;20m[1m   _images[0m[0m [32;20m    INFO[0m| Already have it: sunrise
2024-01-28 07:59:11| [36;20m[1m   _images[0m[0m [32;20m    INFO[0m| Already have it: meg 2: the trench
2024-01-28 07:59:12| [36;20m[1m   _images[0m[0m [32;20m    INFO[0m| Already have it: nope
2024-01-28 07:59:13| [36;20m[1m   _images[0m[0m [32;20m    INFO[0m| Already have it: the hunt
2024-01-28 07:59:14| [36;20m[1m       red[0m[0m [33;20m WARNING[0m| error=KeyError('runtimes')
2024-01-28 07:59:14| [36;20m[1m       red[0m[0m [33;20m WARNING[0m| error=KeyError('full-size cover url')
2024-01-28 07:59:14| [36;20m[1m   _images[0m[0m [33;20m WARNING[0m| no movie url: 'full-size cover url'
2024-01-28 07:59:14| [36;20m[1m       red[0m[0m [32;20m    INFO[0m| skipping horror:2049403
2024-01-28 07:59:14| [36;20m[1m   _images[0m[0m [32;20m    INFO[0m| Already have it: the shining
2024-01-28 07:59:14| [36;20m[1m   _images[0m[0m [32;20m    INFO[0m| Already have it: get out
2024-01-28 07:59:17| [36;20m[1m   _images[0m[0m [32;20m    INFO[0m| Already have it: destroy all neighbors
2024-01-28 07:59:18| [36;20m[1m   _images[0m[0m [32;20m    INFO[0m| Already have it: no one will save you
2024-01-28 07:59:22| [36;20m[1m   _images[0m[0m [32;20m    INFO[0m| Already have it: the thing
2024-01-28 07:59:22| [36;20m[1m   _images[0m[0m [32;20m    INFO[0m| Already have it: lisa frankenstein
2024-01-28 07:59:24| [36;20m[1m      spin[0m[0m [32;20m    INFO[0m| updating movie database with genre='drama'
2024-01-28 08:00:06| [36;20m[1m   _images[0m[0m [32;20m    INFO[0m| Already have it: saltburn
2024-01-28 08:00:07| [36;20m[1m   _images[0m[0m [32;20m    INFO[0m| Already have it: poor things
2024-01-28 08:00:07| [36;20m[1m   _images[0m[0m [32;20m    INFO[0m| Already have it: lift
2024-01-28 08:00:07| [36;20m[1m   _images[0m[0m [32;20m    INFO[0m| Already have it: killers of the flower moon
2024-01-28 08:00:12| [36;20m[1m   _images[0m[0m [32;20m    INFO[0m| Already have it: society of the snow
2024-01-28 08:00:14| [36;20m[1m   _images[0m[0m [32;20m    INFO[0m| Already have it: oppenheimer
2024-01-28 08:00:23| [36;20m[1m   _images[0m[0m [32;20m    INFO[0m| Already have it: the holdovers
2024-01-28 08:00:23| [36;20m[1m   _images[0m[0m [32;20m    INFO[0m| Already have it: 12th fail
2024-01-28 08:00:23| [36;20m[1m   _images[0m[0m [32;20m    INFO[0m| Already have it: napoleon
2024-01-28 08:01:01| [36;20m[1m   _images[0m[0m [32;20m    INFO[0m| Already have it: spaceman
2024-01-28 08:01:02| [36;20m[1m   _images[0m[0m [32;20m    INFO[0m| Already have it: the iron claw
2024-01-28 08:01:02| [36;20m[1m   _images[0m[0m [32;20m    INFO[0m| Already have it: leave the world behind
2024-01-28 08:01:06| [36;20m[1m   _images[0m[0m [32;20m    INFO[0m| Already have it: rebel moon: part one - a child of fire
2024-01-28 08:01:06| [36;20m[1m   _images[0m[0m [32;20m    INFO[0m| Already have it: the boys in the boat
2024-01-28 08:01:08| [36;20m[1m   _images[0m[0m [32;20m    INFO[0m| Already have it: the creator
2024-01-28 08:01:11| [36;20m[1m   _images[0m[0m [32;20m    INFO[0m| Already have it: anatomy of a fall
2024-01-28 08:01:12| [36;20m[1m   _images[0m[0m [32;20m    INFO[0m| Already have it: animal
2024-01-28 08:01:13| [36;20m[1m   _images[0m[0m [32;20m    INFO[0m| Already have it: the hunger games: the ballad of songbirds & snakes
2024-01-28 08:01:13| [36;20m[1m   _images[0m[0m [32;20m    INFO[0m| Already have it: all of us strangers
2024-01-28 08:01:15| [36;20m[1m   _images[0m[0m [32;20m    INFO[0m| Already have it: godzilla minus one
2024-01-28 08:01:15| [36;20m[1m   _images[0m[0m [32;20m    INFO[0m| Already have it: maestro
2024-01-28 08:01:16| [36;20m[1m   _images[0m[0m [32;20m    INFO[0m| Already have it: merry christmas
2024-01-28 08:01:16| [36;20m[1m   _images[0m[0m [32;20m    INFO[0m| Already have it: the boy and the heron
2024-01-28 08:01:17| [36;20m[1m   _images[0m[0m [32;20m    INFO[0m| Already have it: the kitchen
2024-01-28 08:01:17| [36;20m[1m   _images[0m[0m [32;20m    INFO[0m| Already have it: the zone of interest
2024-01-28 08:01:18| [36;20m[1m   _images[0m[0m [32;20m    INFO[0m| Already have it: alive
2024-01-28 08:01:18| [36;20m[1m   _images[0m[0m [32;20m    INFO[0m| Already have it: the color purple
2024-01-28 08:01:28| [36;20m[1m   _images[0m[0m [32;20m    INFO[0m| Already have it: past lives
2024-01-28 08:01:28| [36;20m[1m   _images[0m[0m [32;20m    INFO[0m| Already have it: may december
2024-01-28 08:01:29| [36;20m[1m      spin[0m[0m [33;20m WARNING[0m| error=IMDbDataAccessError({'errcode': None, 'errmsg': 'None', 'url': 'https://www.imdb.com/title/tt23561236/plotsummary', 'proxy': '', 'exception type': 'IOError', 'original exception': TimeoutError('The read operation timed out')})
2024-01-28 08:01:29| [36;20m[1m      spin[0m[0m [33;20m WARNING[0m| could not update genre='drama'
2024-01-28 08:01:29| [36;20m[1m      spin[0m[0m [32;20m    INFO[0m| updating movie database with genre='sci-fi'
2024-01-28 08:01:51| [36;20m[1m   _images[0m[0m [32;20m    INFO[0m| Already have it: poor things
2024-01-28 08:01:52| [36;20m[1m   _images[0m[0m [32;20m    INFO[0m| Already have it: spaceman
2024-01-28 08:01:52| [36;20m[1m   _images[0m[0m [32;20m    INFO[0m| Already have it: rebel moon: part one - a child of fire
2024-01-28 08:01:53| [36;20m[1m   _images[0m[0m [32;20m    INFO[0m| Already have it: the creator
2024-01-28 08:01:56| [36;20m[1m   _images[0m[0m [32;20m    INFO[0m| Already have it: i.s.s.
2024-01-28 08:01:57| [36;20m[1m   _images[0m[0m [32;20m    INFO[0m| Already have it: aquaman and the lost kingdom
2024-01-28 08:02:08| [36;20m[1m   _images[0m[0m [32;20m    INFO[0m| Already have it: the hunger games: the ballad of songbirds & snakes
2024-01-28 08:02:08| [36;20m[1m   _images[0m[0m [32;20m    INFO[0m| Already have it: godzilla minus one
2024-01-28 08:02:09| [36;20m[1m   _images[0m[0m [32;20m    INFO[0m| Already have it: the kitchen
2024-01-28 08:02:09| [36;20m[1m   _images[0m[0m [32;20m    INFO[0m| Already have it: foe
2024-01-28 08:02:18| [36;20m[1m   _images[0m[0m [32;20m    INFO[0m| Already have it: dune
2024-01-28 08:02:21| [36;20m[1m   _images[0m[0m [32;20m    INFO[0m| Already have it: madame web
2024-01-28 08:02:21| [36;20m[1m   _images[0m[0m [32;20m    INFO[0m| Already have it: spider-man: across the spider-verse
2024-01-28 08:02:22| [36;20m[1m   _images[0m[0m [32;20m    INFO[0m| Already have it: interstellar
2024-01-28 08:02:23| [36;20m[1m   _images[0m[0m [32;20m    INFO[0m| Already have it: indiana jones and the dial of destiny
2024-01-28 08:02:25| [36;20m[1m   _images[0m[0m [32;20m    INFO[0m| Already have it: everything everywhere all at once
2024-01-28 08:02:26| [36;20m[1m   _images[0m[0m [32;20m    INFO[0m| Already have it: dune: part two
2024-01-28 08:02:26| [36;20m[1m   _images[0m[0m [32;20m    INFO[0m| Already have it: the hunger games
2024-01-28 08:02:27| [36;20m[1m       red[0m[0m [33;20m WARNING[0m| error=KeyError('runtimes')
2024-01-28 08:02:27| [36;20m[1m   _images[0m[0m [32;20m    INFO[0m| Already have it: deadpool 3
2024-01-28 08:02:27| [36;20m[1m   _images[0m[0m [32;20m    INFO[0m| Already have it: asteroid city
2024-01-28 08:02:28| [36;20m[1m   _images[0m[0m [32;20m    INFO[0m| Already have it: inception
2024-01-28 08:02:28| [36;20m[1m       red[0m[0m [33;20m WARNING[0m| error=KeyError('runtimes')
2024-01-28 08:02:28| [36;20m[1m   _images[0m[0m [32;20m    INFO[0m| Already have it: godzilla x kong: the new empire
2024-01-28 08:02:29| [36;20m[1m   _images[0m[0m [32;20m    INFO[0m| Already have it: the lobster
2024-01-28 08:02:30| [36;20m[1m   _images[0m[0m [32;20m    INFO[0m| Already have it: the flash
2024-01-28 08:02:36| [36;20m[1m   _images[0m[0m [32;20m    INFO[0m| Already have it: guardians of the galaxy vol. 3
2024-01-28 08:02:36| [36;20m[1m   _images[0m[0m [32;20m    INFO[0m| Already have it: mad max: fury road
2024-01-28 08:02:37| [36;20m[1m       red[0m[0m [33;20m WARNING[0m| error=KeyError('runtimes')
2024-01-28 08:02:37| [36;20m[1m   _images[0m[0m [32;20m    INFO[0m| Already have it: furiosa: a mad max saga
2024-01-28 08:02:37| [36;20m[1m   _images[0m[0m [32;20m    INFO[0m| Already have it: spider-man: no way home
2024-01-28 08:02:38| [36;20m[1m   _images[0m[0m [32;20m    INFO[0m| Already have it: watchmen
2024-01-28 08:02:39| [36;20m[1m   _images[0m[0m [32;20m    INFO[0m| Already have it: transformers: rise of the beasts
2024-01-28 08:02:40| [36;20m[1m       red[0m[0m [33;20m WARNING[0m| error=KeyError('runtimes')
2024-01-28 08:02:40| [36;20m[1m   _images[0m[0m [32;20m    INFO[0m| Already have it: ghostbusters: frozen empire
2024-01-28 08:02:41| [36;20m[1m   _images[0m[0m [32;20m    INFO[0m| Already have it: avatar: the way of water
2024-01-28 08:02:41| [36;20m[1m       red[0m[0m [33;20m WARNING[0m| error=KeyError('runtimes')
2024-01-28 08:02:41| [36;20m[1m       red[0m[0m [33;20m WARNING[0m| error=KeyError('videos')
2024-01-28 08:02:41| [36;20m[1m   _images[0m[0m [32;20m    INFO[0m| Already have it: alien: romulus
2024-01-28 08:02:42| [36;20m[1m   _images[0m[0m [32;20m    INFO[0m| Already have it: the hunger games: catching fire
2024-01-28 08:02:42| [36;20m[1m   _images[0m[0m [32;20m    INFO[0m| Already have it: morbius
2024-01-28 08:02:43| [36;20m[1m   _images[0m[0m [32;20m    INFO[0m| Already have it: jurassic park
2024-01-28 08:02:43| [36;20m[1m   _images[0m[0m [32;20m    INFO[0m| Already have it: blade runner 2049
2024-01-28 08:02:46| [36;20m[1m   _images[0m[0m [32;20m    INFO[0m| Already have it: 28 days later
2024-01-28 08:02:47| [36;20m[1m   _images[0m[0m [32;20m    INFO[0m| Already have it: the matrix
2024-01-28 08:02:54| [36;20m[1m   _images[0m[0m [32;20m    INFO[0m| Already have it: virus
2024-01-28 08:02:55| [36;20m[1m      spin[0m[0m [32;20m    INFO[0m| updating movie database with genre='adventure'
2024-01-28 08:03:44| [36;20m[1m   _images[0m[0m [32;20m    INFO[0m| Already have it: society of the snow
2024-01-28 08:03:46| [36;20m[1m   _images[0m[0m [32;20m    INFO[0m| Already have it: napoleon
2024-01-28 08:04:23| [36;20m[1m   _images[0m[0m [32;20m    INFO[0m| Already have it: wonka
2024-01-28 08:04:27| [36;20m[1m   _images[0m[0m [32;20m    INFO[0m| Already have it: barbie
2024-01-28 08:04:30| [36;20m[1m   _images[0m[0m [32;20m    INFO[0m| Already have it: spaceman
2024-01-28 08:04:31| [36;20m[1m   _images[0m[0m [32;20m    INFO[0m| Already have it: rebel moon: part one - a child of fire
2024-01-28 08:04:31| [36;20m[1m   _images[0m[0m [32;20m    INFO[0m| Already have it: the marvels
2024-01-28 08:04:34| [36;20m[1m   _images[0m[0m [32;20m    INFO[0m| Already have it: the creator
2024-01-28 08:04:37| [36;20m[1m   _images[0m[0m [32;20m    INFO[0m| Already have it: aquaman and the lost kingdom
2024-01-28 08:04:47| [36;20m[1m   _images[0m[0m [32;20m    INFO[0m| Already have it: the hunger games: the ballad of songbirds & snakes
2024-01-28 08:04:47| [36;20m[1m   _images[0m[0m [32;20m    INFO[0m| Already have it: godzilla minus one
2024-01-28 08:04:48| [36;20m[1m   _images[0m[0m [32;20m    INFO[0m| Already have it: the boy and the heron
2024-01-28 08:04:48| [36;20m[1m   _images[0m[0m [32;20m    INFO[0m| Already have it: the kitchen
2024-01-28 08:04:49| [36;20m[1m   _images[0m[0m [32;20m    INFO[0m| Already have it: alive
2024-01-28 08:04:49| [36;20m[1m   _images[0m[0m [32;20m    INFO[0m| Already have it: dune
2024-01-28 08:04:53| [36;20m[1m   _images[0m[0m [32;20m    INFO[0m| Already have it: hanu man
2024-01-28 08:04:53| [36;20m[1m   _images[0m[0m [32;20m    INFO[0m| Already have it: madame web
2024-01-28 08:04:54| [36;20m[1m   _images[0m[0m [32;20m    INFO[0m| Already have it: the book of clarence
2024-01-28 08:04:54| [36;20m[1m   _images[0m[0m [32;20m    INFO[0m| Already have it: trolls band together
2024-01-28 08:04:55| [36;20m[1m   _images[0m[0m [32;20m    INFO[0m| Already have it: spider-man: across the spider-verse
2024-01-28 08:04:56| [36;20m[1m   _images[0m[0m [32;20m    INFO[0m| Already have it: interstellar
2024-01-28 08:04:56| [36;20m[1m   _images[0m[0m [32;20m    INFO[0m| Already have it: indiana jones and the dial of destiny
2024-01-28 08:04:58| [36;20m[1m   _images[0m[0m [32;20m    INFO[0m| Already have it: mission: impossible - dead reckoning part one
2024-01-28 08:04:59| [36;20m[1m   _images[0m[0m [32;20m    INFO[0m| Already have it: everything everywhere all at once
2024-01-28 08:05:00| [36;20m[1m   _images[0m[0m [32;20m    INFO[0m| Already have it: dune: part two
2024-01-28 08:05:00| [36;20m[1m       red[0m[0m [33;20m WARNING[0m| error=KeyError('runtimes')
2024-01-28 08:05:00| [36;20m[1m   _images[0m[0m [32;20m    INFO[0m| Already have it: gladiator 2
2024-01-28 08:05:01| [36;20m[1m   _images[0m[0m [32;20m    INFO[0m| Already have it: fast x
2024-01-28 08:05:02| [36;20m[1m   _images[0m[0m [32;20m    INFO[0m| Already have it: migration
2024-01-28 08:05:02| [36;20m[1m   _images[0m[0m [32;20m    INFO[0m| Already have it: harry potter and the sorcerer's stone
2024-01-28 08:05:03| [36;20m[1m   _images[0m[0m [32;20m    INFO[0m| Already have it: the killer
2024-01-28 08:05:05| [36;20m[1m   _images[0m[0m [32;20m    INFO[0m| Already have it: the super mario bros. movie
2024-01-28 08:05:05| [36;20m[1m   _images[0m[0m [32;20m    INFO[0m| Already have it: the hunger games
2024-01-28 08:05:05| [36;20m[1m   _images[0m[0m [32;20m    INFO[0m| Already have it: gladiator
2024-01-28 08:05:06| [36;20m[1m   _images[0m[0m [32;20m    INFO[0m| Already have it: the legend of tarzan
2024-01-28 08:05:06| [36;20m[1m   _images[0m[0m [32;20m    INFO[0m| Already have it: justice league: crisis on infinite earths - part one
2024-01-28 08:05:07| [36;20m[1m   _images[0m[0m [32;20m    INFO[0m| Already have it: the lord of the rings: the fellowship of the ring
2024-01-28 08:05:07| [36;20m[1m   _images[0m[0m [32;20m    INFO[0m| Already have it: fighter
2024-01-28 08:05:08| [36;20m[1m   _images[0m[0m [32;20m    INFO[0m| Already have it: gran turismo
2024-01-28 08:05:57| [36;20m[1m      spin[0m[0m [33;20m WARNING[0m| error=IMDbDataAccessError({'errcode': None, 'errmsg': 'None', 'url': 'https://www.imdb.com/title/tt1375666/plotsummary', 'proxy': '', 'exception type': 'IOError', 'original exception': TimeoutError('The read operation timed out')})
2024-01-28 08:05:57| [36;20m[1m      spin[0m[0m [33;20m WARNING[0m| could not update genre='adventure'
2024-01-28 08:05:57| [36;20m[1m      spin[0m[0m [32;20m    INFO[0m| updating movie database with genre='comedy'
2024-01-28 08:06:14| [36;20m[1m   _images[0m[0m [32;20m    INFO[0m| Already have it: saltburn
2024-01-28 08:06:15| [36;20m[1m   _images[0m[0m [32;20m    INFO[0m| Already have it: poor things
2024-01-28 08:06:15| [36;20m[1m   _images[0m[0m [32;20m    INFO[0m| Already have it: mean girls
2024-01-28 08:06:16| [36;20m[1m   _images[0m[0m [32;20m    INFO[0m| Already have it: lift
2024-01-28 08:06:16| [36;20m[1m   _images[0m[0m [32;20m    INFO[0m| Already have it: the holdovers
2024-01-28 08:06:17| [36;20m[1m   _images[0m[0m [32;20m    INFO[0m| Already have it: anyone but you
2024-01-28 08:06:17| [36;20m[1m   _images[0m[0m [32;20m    INFO[0m| Already have it: self reliance
2024-01-28 08:06:18| [36;20m[1m   _images[0m[0m [32;20m    INFO[0m| Already have it: wonka
2024-01-28 08:06:21| [36;20m[1m   _images[0m[0m [32;20m    INFO[0m| Already have it: barbie
2024-01-28 08:06:25| [36;20m[1m   _images[0m[0m [32;20m    INFO[0m| Already have it: role play
2024-01-28 08:06:25| [36;20m[1m   _images[0m[0m [32;20m    INFO[0m| Already have it: mean girls
2024-01-28 08:06:26| [36;20m[1m   _images[0m[0m [32;20m    INFO[0m| Already have it: no hard feelings
2024-01-28 08:06:28| [36;20m[1m   _images[0m[0m [32;20m    INFO[0m| Already have it: may december
2024-01-28 08:06:28| [36;20m[1m   _images[0m[0m [32;20m    INFO[0m| Already have it: american fiction
2024-01-28 08:06:29| [36;20m[1m   _images[0m[0m [32;20m    INFO[0m| Already have it: once upon a time in hollywood
2024-01-28 08:06:34| [36;20m[1m   _images[0m[0m [32;20m    INFO[0m| Already have it: the family plan
2024-01-28 08:06:35| [36;20m[1m   _images[0m[0m [32;20m    INFO[0m| Already have it: the book of clarence
2024-01-28 08:06:35| [36;20m[1m   _images[0m[0m [32;20m    INFO[0m| Already have it: trolls band together
2024-01-28 08:06:36| [36;20m[1m   _images[0m[0m [32;20m    INFO[0m| Already have it: good grief
2024-01-28 08:06:37| [36;20m[1m   _images[0m[0m [32;20m    INFO[0m| Already have it: dream scenario
2024-01-28 08:06:37| [36;20m[1m   _images[0m[0m [32;20m    INFO[0m| Already have it: next goal wins
2024-01-28 08:06:38| [36;20m[1m   _images[0m[0m [32;20m    INFO[0m| Already have it: everything everywhere all at once
2024-01-28 08:06:40| [36;20m[1m   _images[0m[0m [32;20m    INFO[0m| Already have it: ted
2024-01-28 08:06:41| [36;20m[1m   _images[0m[0m [32;20m    INFO[0m| Already have it: migration
2024-01-28 08:06:41| [36;20m[1m   _images[0m[0m [32;20m    INFO[0m| Already have it: the super mario bros. movie
2024-01-28 08:06:42| [36;20m[1m       red[0m[0m [33;20m WARNING[0m| error=KeyError('runtimes')
2024-01-28 08:06:42| [36;20m[1m   _images[0m[0m [32;20m    INFO[0m| Already have it: deadpool 3
2024-01-28 08:06:42| [36;20m[1m   _images[0m[0m [32;20m    INFO[0m| Already have it: miller's girl
2024-01-28 08:06:43| [36;20m[1m   _images[0m[0m [32;20m    INFO[0m| Already have it: the wolf of wall street
2024-01-28 08:06:44| [36;20m[1m   _images[0m[0m [32;20m    INFO[0m| Already have it: asteroid city
2024-01-28 08:06:44| [36;20m[1m   _images[0m[0m [32;20m    INFO[0m| Already have it: the banshees of inisherin
2024-01-28 08:06:45| [36;20m[1m   _images[0m[0m [32;20m    INFO[0m| Already have it: dunki
2024-01-28 08:06:46| [36;20m[1m   _images[0m[0m [32;20m    INFO[0m| Already have it: babylon
2024-01-28 08:06:47| [36;20m[1m   _images[0m[0m [32;20m    INFO[0m| Already have it: cats
2024-01-28 08:06:48| [36;20m[1m   _images[0m[0m [32;20m    INFO[0m| Already have it: wish
2024-01-28 08:06:50| [36;20m[1m   _images[0m[0m [32;20m    INFO[0m| Already have it: bottoms
2024-01-28 08:06:51| [36;20m[1m   _images[0m[0m [32;20m    INFO[0m| Already have it: the favourite
2024-01-28 08:06:51| [36;20m[1m   _images[0m[0m [32;20m    INFO[0m| Already have it: guardians of the galaxy vol. 3
2024-01-28 08:06:52| [36;20m[1m   _images[0m[0m [32;20m    INFO[0m| Already have it: the proposal
2024-01-28 08:06:52| [36;20m[1m   _images[0m[0m [32;20m    INFO[0m| Already have it: dungeons & dragons: honor among thieves
2024-01-28 08:06:53| [36;20m[1m   _images[0m[0m [32;20m    INFO[0m| Already have it: leo
2024-01-28 08:06:55| [36;20m[1m      spin[0m[0m [32;20m    INFO[0m| updating movie database with genre='family'
2024-01-28 08:07:36| [36;20m[1m   _images[0m[0m [32;20m    INFO[0m| Already have it: wonka
2024-01-28 08:07:40| [36;20m[1m   _images[0m[0m [32;20m    INFO[0m| Already have it: the boy and the heron
2024-01-28 08:07:41| [36;20m[1m   _images[0m[0m [32;20m    INFO[0m| Already have it: trolls band together
2024-01-28 08:07:41| [36;20m[1m   _images[0m[0m [32;20m    INFO[0m| Already have it: spider-man: across the spider-verse
2024-01-28 08:07:42| [36;20m[1m   _images[0m[0m [32;20m    INFO[0m| Already have it: migration
2024-01-28 08:07:42| [36;20m[1m   _images[0m[0m [32;20m    INFO[0m| Already have it: harry potter and the sorcerer's stone
2024-01-28 08:07:43| [36;20m[1m   _images[0m[0m [32;20m    INFO[0m| Already have it: the super mario bros. movie
2024-01-28 08:07:43| [36;20m[1m   _images[0m[0m [32;20m    INFO[0m| Already have it: guntur kaaram
2024-01-28 08:07:44| [36;20m[1m   _images[0m[0m [32;20m    INFO[0m| Already have it: percy jackson & the olympians: the lightning thief
2024-01-28 08:07:44| [36;20m[1m   _images[0m[0m [32;20m    INFO[0m| Already have it: cats
2024-01-28 08:07:45| [36;20m[1m   _images[0m[0m [32;20m    INFO[0m| Already have it: wish
2024-01-28 08:07:47| [36;20m[1m   _images[0m[0m [32;20m    INFO[0m| Already have it: leo
2024-01-28 08:07:47| [36;20m[1m       red[0m[0m [33;20m WARNING[0m| error=KeyError('runtimes')
2024-01-28 08:07:47| [36;20m[1m       red[0m[0m [33;20m WARNING[0m| error=KeyError('videos')
2024-01-28 08:07:47| [36;20m[1m       red[0m[0m [33;20m WARNING[0m| error=KeyError('full-size cover url')
2024-01-28 08:07:47| [36;20m[1m   _images[0m[0m [33;20m WARNING[0m| no movie url: 'full-size cover url'
2024-01-28 08:07:47| [36;20m[1m       red[0m[0m [32;20m    INFO[0m| skipping family:26743210
2024-01-28 08:07:47| [36;20m[1m   _images[0m[0m [32;20m    INFO[0m| Already have it: elemental
2024-01-28 08:07:54| [36;20m[1m   _images[0m[0m [32;20m    INFO[0m| Already have it: the flintstones
2024-01-28 08:07:55| [36;20m[1m   _images[0m[0m [32;20m    INFO[0m| Already have it: charlie and the chocolate factory
2024-01-28 08:07:55| [36;20m[1m   _images[0m[0m [32;20m    INFO[0m| Already have it: willy wonka & the chocolate factory
2024-01-28 08:07:56| [36;20m[1m   _images[0m[0m [32;20m    INFO[0m| Already have it: the lion king
2024-01-28 08:07:57| [36;20m[1m   _images[0m[0m [32;20m    INFO[0m| Already have it: the goonies
2024-01-28 08:07:58| [36;20m[1m   _images[0m[0m [32;20m    INFO[0m| Already have it: spirited away
2024-01-28 08:07:59| [36;20m[1m   _images[0m[0m [32;20m    INFO[0m| Already have it: harry potter and the goblet of fire
2024-01-28 08:07:59| [36;20m[1m   _images[0m[0m [32;20m    INFO[0m| Already have it: home alone
2024-01-28 08:08:00| [36;20m[1m   _images[0m[0m [32;20m    INFO[0m| Already have it: kung fu panda 4
2024-01-28 08:08:01| [36;20m[1m   _images[0m[0m [32;20m    INFO[0m| Already have it: the little mermaid
2024-01-28 08:08:06| [36;20m[1m   _images[0m[0m [32;20m    INFO[0m| Already have it: harry potter and the deathly hallows: part 2
2024-01-28 08:08:06| [36;20m[1m   _images[0m[0m [32;20m    INFO[0m| Already have it: the chronicles of narnia: the lion, the witch and the wardrobe
2024-01-28 08:08:07| [36;20m[1m   _images[0m[0m [32;20m    INFO[0m| Already have it: teenage mutant ninja turtles: mutant mayhem
2024-01-28 08:08:08| [36;20m[1m   _images[0m[0m [32;20m    INFO[0m| Already have it: fantastic beasts: the secrets of dumbledore
2024-01-28 08:08:09| [36;20m[1m   _images[0m[0m [32;20m    INFO[0m| Already have it: the princess bride
2024-01-28 08:08:11| [36;20m[1m   _images[0m[0m [32;20m    INFO[0m| Already have it: sing 2
2024-01-28 08:08:13| [36;20m[1m      spin[0m[0m [33;20m WARNING[0m| error=IMDbDataAccessError({'errcode': None, 'errmsg': 'None', 'url': 'https://www.imdb.com/title/tt8337264/plotsummary', 'proxy': '', 'exception type': 'IOError', 'original exception': TimeoutError('The read operation timed out')})
2024-01-28 08:08:13| [36;20m[1m      spin[0m[0m [33;20m WARNING[0m| could not update genre='family'
2024-01-28 08:08:13| [36;20m[1m      spin[0m[0m [32;20m    INFO[0m| updating movie database with genre='romance'
2024-01-28 08:08:28| [36;20m[1m   _images[0m[0m [32;20m    INFO[0m| Already have it: poor things
2024-01-28 08:08:29| [36;20m[1m   _images[0m[0m [32;20m    INFO[0m| Already have it: killers of the flower moon
2024-01-28 08:08:34| [36;20m[1m   _images[0m[0m [32;20m    INFO[0m| Already have it: anyone but you
2024-01-28 08:08:34| [36;20m[1m   _images[0m[0m [32;20m    INFO[0m| Already have it: role play
2024-01-28 08:08:34| [36;20m[1m   _images[0m[0m [32;20m    INFO[0m| Already have it: no hard feelings
2024-01-28 08:08:35| [36;20m[1m   _images[0m[0m [32;20m    INFO[0m| Already have it: all of us strangers
2024-01-28 08:08:36| [36;20m[1m   _images[0m[0m [32;20m    INFO[0m| Already have it: maestro
2024-01-28 08:08:37| [36;20m[1m   _images[0m[0m [32;20m    INFO[0m| Already have it: past lives
2024-01-28 08:08:37| [36;20m[1m   _images[0m[0m [32;20m    INFO[0m| Already have it: priscilla
2024-01-28 08:08:38| [36;20m[1m   _images[0m[0m [32;20m    INFO[0m| Already have it: good grief
2024-01-28 08:08:38| [36;20m[1m   _images[0m[0m [32;20m    INFO[0m| Already have it: the nest
2024-01-28 08:08:39| [36;20m[1m   _images[0m[0m [32;20m    INFO[0m| Already have it: the legend of tarzan
2024-01-28 08:08:39| [36;20m[1m   _images[0m[0m [32;20m    INFO[0m| Already have it: after everything
2024-01-28 08:08:41| [36;20m[1m   _images[0m[0m [32;20m    INFO[0m| Already have it: asteroid city
2024-01-28 08:08:41| [36;20m[1m       red[0m[0m [33;20m WARNING[0m| error=KeyError('runtimes')
2024-01-28 08:08:41| [36;20m[1m       red[0m[0m [33;20m WARNING[0m| error=KeyError('languages')
2024-01-28 08:08:41| [36;20m[1m       red[0m[0m [33;20m WARNING[0m| error=KeyError('videos')
2024-01-28 08:08:41| [36;20m[1m   _images[0m[0m [32;20m    INFO[0m| Already have it: it ends with us
2024-01-28 08:08:42| [36;20m[1m   _images[0m[0m [32;20m    INFO[0m| Already have it: titanic
2024-01-28 08:08:42| [36;20m[1m   _images[0m[0m [32;20m    INFO[0m| Already have it: the lobster
2024-01-28 08:08:43| [36;20m[1m   _images[0m[0m [32;20m    INFO[0m| Already have it: the proposal
2024-01-28 08:08:43| [36;20m[1m       red[0m[0m [33;20m WARNING[0m| error=KeyError('videos')
2024-01-28 08:08:43| [36;20m[1m   _images[0m[0m [32;20m    INFO[0m| Already have it: love
2024-01-28 08:08:44| [36;20m[1m   _images[0m[0m [32;20m    INFO[0m| Already have it: queen bees
2024-01-28 08:08:45| [36;20m[1m   _images[0m[0m [32;20m    INFO[0m| Already have it: after
2024-01-28 08:08:45| [36;20m[1m   _images[0m[0m [32;20m    INFO[0m| Already have it: intimacy
2024-01-28 08:08:46| [36;20m[1m   _images[0m[0m [32;20m    INFO[0m| Already have it: pride & prejudice
2024-01-28 08:08:46| [36;20m[1m   _images[0m[0m [32;20m    INFO[0m| Already have it: elemental
2024-01-28 08:08:53| [36;20m[1m   _images[0m[0m [32;20m    INFO[0m| Already have it: la la land
2024-01-28 08:08:54| [36;20m[1m   _images[0m[0m [32;20m    INFO[0m| Already have it: forrest gump
2024-01-28 08:08:54| [36;20m[1m   _images[0m[0m [32;20m    INFO[0m| Already have it: good will hunting
2024-01-28 08:08:55| [36;20m[1m   _images[0m[0m [32;20m    INFO[0m| Already have it: little women
2024-01-28 08:08:57| [36;20m[1m   _images[0m[0m [32;20m    INFO[0m| Already have it: the notebook
2024-01-28 08:08:58| [36;20m[1m   _images[0m[0m [32;20m    INFO[0m| Already have it: twilight
2024-01-28 08:08:58| [36;20m[1m   _images[0m[0m [32;20m    INFO[0m| Already have it: footloose
2024-01-28 08:08:59| [36;20m[1m   _images[0m[0m [32;20m    INFO[0m| Already have it: scott pilgrim vs. the world
2024-01-28 08:08:59| [36;20m[1m   _images[0m[0m [32;20m    INFO[0m| Already have it: maboroshi
2024-01-28 08:09:00| [36;20m[1m   _images[0m[0m [32;20m    INFO[0m| Already have it: ghosted
2024-01-28 08:09:00| [36;20m[1m   _images[0m[0m [32;20m    INFO[0m| Already have it: fifty shades of grey
2024-01-28 08:09:01| [36;20m[1m       red[0m[0m [33;20m WARNING[0m| error=KeyError('videos')
2024-01-28 08:09:01| [36;20m[1m   _images[0m[0m [32;20m    INFO[0m| Already have it: 365 days
2024-01-28 08:09:01| [36;20m[1m   _images[0m[0m [32;20m    INFO[0m| Already have it: the little mermaid
2024-01-28 08:09:07| [36;20m[1m   _images[0m[0m [32;20m    INFO[0m| Already have it: eternal sunshine of the spotless mind
2024-01-28 08:09:07| [36;20m[1m   _images[0m[0m [32;20m    INFO[0m| Already have it: kho gaye hum kahan
2024-01-28 08:09:08| [36;20m[1m   _images[0m[0m [32;20m    INFO[0m| Already have it: the princess bride
2024-01-28 08:09:10| [36;20m[1m      spin[0m[0m [32;20m    INFO[0m| updating movie database with genre='thriller'
